{
  "stats": {
    "suites": 1,
    "tests": 3,
    "passes": 1,
    "pending": 0,
    "failures": 2,
    "start": "2022-04-20T13:30:38.489Z",
    "end": "2022-04-20T13:31:39.164Z",
    "duration": 60675,
    "testsRegistered": 3,
    "passPercent": 33.33333333333333,
    "pendingPercent": 0,
    "other": 0,
    "hasOther": false,
    "skipped": 0,
    "hasSkipped": false
  },
  "results": [
    {
      "uuid": "d6554bfc-dbde-4e4e-bae8-5b9b7dc5d4d2",
      "title": "",
      "fullFile": "cypress/integration/demo.spec.js",
      "file": "cypress/integration/demo.spec.js",
      "beforeHooks": [],
      "afterHooks": [],
      "tests": [],
      "suites": [
        {
          "uuid": "fc8179b4-2774-4348-8928-1006e313ad7f",
          "title": "assessment",
          "fullFile": "",
          "file": "",
          "beforeHooks": [],
          "afterHooks": [],
          "tests": [
            {
              "title": "test to find out that website is responsive",
              "fullTitle": "assessment test to find out that website is responsive",
              "timedOut": null,
              "duration": 8357,
              "state": "passed",
              "speed": "medium",
              "pass": true,
              "fail": false,
              "pending": false,
              "context": null,
              "code": "cy.visit('https://www.mytruq.com');\ncy.get('.style_lg_active').click().should('have.class', 'style_lg_active');\ncy.get('.ml-10 > [href=\"/about\"]').click();\ncy.get('[href=\"/driver-partner\"]').click();\ncy.get('.ml-10 > [href=\"/business\"]').click();",
              "err": {},
              "uuid": "2c966a7b-bcbb-4cf1-ad7b-cdc4fbb3c511",
              "parentUUID": "fc8179b4-2774-4348-8928-1006e313ad7f",
              "isHook": false,
              "skipped": false
            },
            {
              "title": "test to successful sign up",
              "fullTitle": "assessment test to successful sign up",
              "timedOut": null,
              "duration": 24304,
              "state": "failed",
              "speed": null,
              "pass": false,
              "fail": true,
              "pending": false,
              "context": null,
              "code": "cy.visit('https://www.mytruq.com');\ncy.get('.hidden > .flex > .button_primary').click();\ncy.get('.swipe-button').click();\ncy.get('.swipe-button').click();\ncy.get('#root > div > div > div.fixed.w-full.z-20 > nav > div > div > div:nth-child(3) > div > div > button.button_primary.gap-x-2.lg\\:gap-x-4.text-labels.lg\\:text-sm-regular.xl\\:px-8.px-3.py-3.undefined.undefined').click();",
              "err": {
                "message": "AssertionError: Timed out retrying after 4000ms: Expected to find element: `#root > div > div > div.fixed.w-full.z-20 > nav > div > div > div:nth-child(3) > div > div > button.button_primary.gap-x-2.lg:gap-x-4.text-labels.lg:text-sm-regular.xl:px-8.px-3.py-3.undefined.undefined`, but never found it.",
                "estack": "AssertionError: Timed out retrying after 4000ms: Expected to find element: `#root > div > div > div.fixed.w-full.z-20 > nav > div > div > div:nth-child(3) > div > div > button.button_primary.gap-x-2.lg:gap-x-4.text-labels.lg:text-sm-regular.xl:px-8.px-3.py-3.undefined.undefined`, but never found it.\n    at Context.eval (https://www.mytruq.com/__cypress/tests?p=cypress\\integration\\demo.spec.js:120:8)",
                "diff": null
              },
              "uuid": "9179e069-de47-494c-9747-3aebed6076b8",
              "parentUUID": "fc8179b4-2774-4348-8928-1006e313ad7f",
              "isHook": false,
              "skipped": false
            },
            {
              "title": "test to verify that I can login without sign up",
              "fullTitle": "assessment test to verify that I can login without sign up",
              "timedOut": null,
              "duration": 21040,
              "state": "failed",
              "speed": null,
              "pass": false,
              "fail": true,
              "pending": false,
              "context": null,
              "code": "cy.visit('https://www.mytruq.com');\ncy.get('.flex > .button_light').click();\ncy.get('.swipe-button').click();\ncy.get('.swipe-button').click();\ncy.contains('LOG IN').click();",
              "err": {
                "message": "AssertionError: Timed out retrying after 4000ms: Expected to find content: 'LOG IN' but never did.",
                "estack": "AssertionError: Timed out retrying after 4000ms: Expected to find content: 'LOG IN' but never did.\n    at Context.eval (https://www.mytruq.com/__cypress/tests?p=cypress\\integration\\demo.spec.js:127:8)",
                "diff": null
              },
              "uuid": "603f5dde-3d44-4b41-b3cc-66ee70394360",
              "parentUUID": "fc8179b4-2774-4348-8928-1006e313ad7f",
              "isHook": false,
              "skipped": false
            }
          ],
          "suites": [],
          "passes": [
            "2c966a7b-bcbb-4cf1-ad7b-cdc4fbb3c511"
          ],
          "failures": [
            "9179e069-de47-494c-9747-3aebed6076b8",
            "603f5dde-3d44-4b41-b3cc-66ee70394360"
          ],
          "pending": [],
          "skipped": [],
          "duration": 53701,
          "root": false,
          "rootEmpty": false,
          "_timeout": 2000
        }
      ],
      "passes": [],
      "failures": [],
      "pending": [],
      "skipped": [],
      "duration": 0,
      "root": true,
      "rootEmpty": true,
      "_timeout": 2000
    }
  ],
  "meta": {
    "mocha": {
      "version": "7.0.1"
    },
    "mochawesome": {
      "options": {
        "quiet": false,
        "reportFilename": "report",
        "saveHtml": false,
        "saveJson": true,
        "consoleReporter": "spec",
        "useInlineDiffs": false,
        "code": true
      },
      "version": "7.1.3"
    },
    "marge": {
      "options": {
        "reportDir": "cypress/reports",
        "reportFilename": "report",
        "overwrite": "false",
        "html": "false",
        "json": "true",
        "charts": "true"
      },
      "version": "6.2.0"
    }
  }
}